<?xml version="1.0" encoding="UTF-8"?>
<!-- Generated by org.testng.reporters.JUnitReportReporter -->
<testsuite skipped="0" hostname="DESKTOP-V7OCL8I" name="com.fdmgroup.seleniumdemo.test.TestCase2" tests="1" failures="0" timestamp="22 Oct 2020 02:59:27 GMT" time="12.657" errors="0">
  <testcase name="googleTitleTest" time="12.657" classname="com.fdmgroup.seleniumdemo.test.TestCase2"/>
</testsuite> <!-- com.fdmgroup.seleniumdemo.test.TestCase2 -->
