<?xml version="1.0" encoding="UTF-8"?>
<!-- Generated by org.testng.reporters.JUnitReportReporter -->
<testsuite skipped="0" hostname="DESKTOP-V7OCL8I" name="com.fdmgroup.seleniumdemo.formy.TestBase" tests="1" failures="0" timestamp="16 Oct 2020 14:01:53 GMT" time="10.328" errors="0">
  <testcase name="firstTest" time="10.328" classname="com.fdmgroup.seleniumdemo.formy.TestBase"/>
</testsuite> <!-- com.fdmgroup.seleniumdemo.formy.TestBase -->
