<?xml version="1.0" encoding="UTF-8"?>
<!-- Generated by org.testng.reporters.JUnitReportReporter -->
<testsuite skipped="0" hostname="DESKTOP-V7OCL8I" name="com.fdmgroup.seleniumdemo.test.TestCase2" tests="1" failures="0" timestamp="16 Oct 2020 19:51:18 GMT" time="11.662" errors="0">
  <testcase name="googleTitleTest" time="11.662" classname="com.fdmgroup.seleniumdemo.test.TestCase2"/>
</testsuite> <!-- com.fdmgroup.seleniumdemo.test.TestCase2 -->
