<?xml version="1.0" encoding="UTF-8"?>
<!-- Generated by org.testng.reporters.JUnitReportReporter -->
<testsuite skipped="0" hostname="DESKTOP-V7OCL8I" name="com.fdmgroup.seleniumdemo.test.TestNGScripts" tests="1" failures="0" timestamp="16 Oct 2020 19:47:15 GMT" time="0.010" errors="0">
  <testcase name="handleExceptionTest" time="0.010" classname="com.fdmgroup.seleniumdemo.test.TestNGScripts"/>
</testsuite> <!-- com.fdmgroup.seleniumdemo.test.TestNGScripts -->
