<?xml version="1.0" encoding="UTF-8"?>
<!-- Generated by org.testng.reporters.JUnitReportReporter -->
<testsuite hostname="DESKTOP-V7OCL8I" failures="0" tests="1" name="com.fdmgroup.seleniumdemo.test.TestCase2" time="14.533" errors="0" timestamp="22 Oct 2020 14:11:23 GMT" skipped="0">
  <testcase classname="com.fdmgroup.seleniumdemo.test.TestCase2" name="googleTitleTest" time="14.533"/>
</testsuite> <!-- com.fdmgroup.seleniumdemo.test.TestCase2 -->
