<?xml version="1.0" encoding="UTF-8"?>
<!-- Generated by org.testng.reporters.JUnitReportReporter -->
<testsuite skipped="0" hostname="DESKTOP-V7OCL8I" name="com.fdmgroup.seleniumdemo.test.TestCase2" tests="1" failures="0" timestamp="21 Oct 2020 15:15:00 GMT" time="11.718" errors="0">
  <testcase name="googleTitleTest" time="11.718" classname="com.fdmgroup.seleniumdemo.test.TestCase2"/>
</testsuite> <!-- com.fdmgroup.seleniumdemo.test.TestCase2 -->
